<?xml version="1.0" encoding="UTF-8"?>
<coverage generated="1768570632832" clover="3.2.0">
  <project timestamp="1768570632832" name="All files">
    <metrics statements="16" coveredstatements="16" conditionals="4" coveredconditionals="4" methods="6" coveredmethods="6" elements="26" coveredelements="26" complexity="0" loc="16" ncloc="16" packages="4" files="4" classes="4"/>
    <package name="repositories">
      <metrics statements="0" coveredstatements="0" conditionals="0" coveredconditionals="0" methods="0" coveredmethods="0"/>
      <file name="users-repositories.ts" path="C:\Users\guilhermequaresma\Documents\apiSolid\src\repositories\users-repositories.ts">
        <metrics statements="0" coveredstatements="0" conditionals="0" coveredconditionals="0" methods="0" coveredmethods="0"/>
      </file>
    </package>
    <package name="repositories.in-memory">
      <metrics statements="8" coveredstatements="8" conditionals="2" coveredconditionals="2" methods="3" coveredmethods="3"/>
      <file name="in-memory-users-repositorie.ts" path="C:\Users\guilhermequaresma\Documents\apiSolid\src\repositories\in-memory\in-memory-users-repositorie.ts">
        <metrics statements="8" coveredstatements="8" conditionals="2" coveredconditionals="2" methods="3" coveredmethods="3"/>
        <line num="6" count="3" type="stmt"/>
        <line num="10" count="4" type="stmt"/>
        <line num="12" count="4" type="cond" truecount="2" falsecount="0"/>
        <line num="13" count="3" type="stmt"/>
        <line num="16" count="1" type="stmt"/>
        <line num="21" count="3" type="stmt"/>
        <line num="29" count="3" type="stmt"/>
        <line num="31" count="3" type="stmt"/>
      </file>
    </package>
    <package name="use-cases">
      <metrics statements="7" coveredstatements="7" conditionals="2" coveredconditionals="2" methods="2" coveredmethods="2"/>
      <file name="register.ts" path="C:\Users\guilhermequaresma\Documents\apiSolid\src\use-cases\register.ts">
        <metrics statements="7" coveredstatements="7" conditionals="2" coveredconditionals="2" methods="2" coveredmethods="2"/>
        <line num="22" count="3" type="stmt"/>
        <line num="29" count="4" type="stmt"/>
        <line num="32" count="4" type="stmt"/>
        <line num="34" count="4" type="cond" truecount="2" falsecount="0"/>
        <line num="35" count="1" type="stmt"/>
        <line num="40" count="3" type="stmt"/>
        <line num="46" count="3" type="stmt"/>
      </file>
    </package>
    <package name="use-cases.errors">
      <metrics statements="1" coveredstatements="1" conditionals="0" coveredconditionals="0" methods="1" coveredmethods="1"/>
      <file name="user-already-exists.ts" path="C:\Users\guilhermequaresma\Documents\apiSolid\src\use-cases\errors\user-already-exists.ts">
        <metrics statements="1" coveredstatements="1" conditionals="0" coveredconditionals="0" methods="1" coveredmethods="1"/>
        <line num="3" count="1" type="stmt"/>
      </file>
    </package>
  </project>
</coverage>
