{"C:\\Users\\guilhermequaresma\\Documents\\apiSolid\\src\\repositories\\users-repositories.ts": {"path":"C:\\Users\\guilhermequaresma\\Documents\\apiSolid\\src\\repositories\\users-repositories.ts","statementMap":{},"fnMap":{},"branchMap":{},"s":{},"f":{},"b":{},"meta":{"lastBranch":0,"lastFunction":0,"lastStatement":0,"seen":{}}}
,"C:\\Users\\guilhermequaresma\\Documents\\apiSolid\\src\\repositories\\in-memory\\in-memory-users-repositorie.ts": {"path":"C:\\Users\\guilhermequaresma\\Documents\\apiSolid\\src\\repositories\\in-memory\\in-memory-users-repositorie.ts","statementMap":{"0":{"start":{"line":6,"column":25},"end":{"line":6,"column":null}},"1":{"start":{"line":10,"column":17},"end":{"line":10,"column":null}},"2":{"start":{"line":10,"column":43},"end":{"line":10,"column":63}},"3":{"start":{"line":12,"column":4},"end":{"line":14,"column":null}},"4":{"start":{"line":13,"column":6},"end":{"line":13,"column":null}},"5":{"start":{"line":16,"column":4},"end":{"line":16,"column":null}},"6":{"start":{"line":21,"column":17},"end":{"line":27,"column":null}},"7":{"start":{"line":29,"column":4},"end":{"line":29,"column":null}},"8":{"start":{"line":31,"column":4},"end":{"line":31,"column":null}}},"fnMap":{"0":{"name":"(anonymous_0)","decl":{"start":{"line":9,"column":8},"end":{"line":9,"column":20}},"loc":{"start":{"line":9,"column":35},"end":{"line":17,"column":null}},"line":9},"1":{"name":"(anonymous_1)","decl":{"start":{"line":10,"column":33},"end":{"line":10,"column":34}},"loc":{"start":{"line":10,"column":43},"end":{"line":10,"column":63}},"line":10},"2":{"name":"(anonymous_2)","decl":{"start":{"line":20,"column":8},"end":{"line":20,"column":15}},"loc":{"start":{"line":20,"column":45},"end":{"line":32,"column":null}},"line":20}},"branchMap":{"0":{"loc":{"start":{"line":12,"column":4},"end":{"line":14,"column":null}},"type":"if","locations":[{"start":{"line":12,"column":4},"end":{"line":14,"column":null}},{"start":{},"end":{}}],"line":12}},"s":{"0":3,"1":4,"2":1,"3":4,"4":3,"5":1,"6":3,"7":3,"8":3},"f":{"0":4,"1":1,"2":3},"b":{"0":[3,1]},"meta":{"lastBranch":1,"lastFunction":3,"lastStatement":9,"seen":{"s:6:25:6:Infinity":0,"f:9:8:9:20":0,"s:10:17:10:Infinity":1,"f:10:33:10:34":1,"s:10:43:10:63":2,"b:12:4:14:Infinity:undefined:undefined:undefined:undefined":0,"s:12:4:14:Infinity":3,"s:13:6:13:Infinity":4,"s:16:4:16:Infinity":5,"f:20:8:20:15":2,"s:21:17:27:Infinity":6,"s:29:4:29:Infinity":7,"s:31:4:31:Infinity":8}}}
,"C:\\Users\\guilhermequaresma\\Documents\\apiSolid\\src\\use-cases\\register.ts": {"path":"C:\\Users\\guilhermequaresma\\Documents\\apiSolid\\src\\use-cases\\register.ts","statementMap":{"0":{"start":{"line":22,"column":22},"end":{"line":22,"column":56}},"1":{"start":{"line":29,"column":26},"end":{"line":29,"column":null}},"2":{"start":{"line":32,"column":30},"end":{"line":32,"column":null}},"3":{"start":{"line":34,"column":4},"end":{"line":36,"column":null}},"4":{"start":{"line":35,"column":6},"end":{"line":35,"column":null}},"5":{"start":{"line":40,"column":17},"end":{"line":44,"column":null}},"6":{"start":{"line":46,"column":4},"end":{"line":48,"column":null}}},"fnMap":{"0":{"name":"(anonymous_0)","decl":{"start":{"line":22,"column":2},"end":{"line":22,"column":22}},"loc":{"start":{"line":22,"column":56},"end":{"line":22,"column":null}},"line":22},"1":{"name":"(anonymous_1)","decl":{"start":{"line":24,"column":8},"end":{"line":24,"column":16}},"loc":{"start":{"line":28,"column":63},"end":{"line":49,"column":null}},"line":28}},"branchMap":{"0":{"loc":{"start":{"line":34,"column":4},"end":{"line":36,"column":null}},"type":"if","locations":[{"start":{"line":34,"column":4},"end":{"line":36,"column":null}},{"start":{},"end":{}}],"line":34}},"s":{"0":3,"1":4,"2":4,"3":4,"4":1,"5":3,"6":3},"f":{"0":3,"1":4},"b":{"0":[1,3]},"meta":{"lastBranch":1,"lastFunction":2,"lastStatement":7,"seen":{"f:22:2:22:22":0,"s:22:22:22:56":0,"f:24:8:24:16":1,"s:29:26:29:Infinity":1,"s:32:30:32:Infinity":2,"b:34:4:36:Infinity:undefined:undefined:undefined:undefined":0,"s:34:4:36:Infinity":3,"s:35:6:35:Infinity":4,"s:40:17:44:Infinity":5,"s:46:4:48:Infinity":6}}}
,"C:\\Users\\guilhermequaresma\\Documents\\apiSolid\\src\\use-cases\\errors\\user-already-exists.ts": {"path":"C:\\Users\\guilhermequaresma\\Documents\\apiSolid\\src\\use-cases\\errors\\user-already-exists.ts","statementMap":{"0":{"start":{"line":3,"column":4},"end":{"line":3,"column":null}}},"fnMap":{"0":{"name":"(anonymous_0)","decl":{"start":{"line":2,"column":2},"end":{"line":2,"column":16}},"loc":{"start":{"line":2,"column":16},"end":{"line":4,"column":null}},"line":2}},"branchMap":{},"s":{"0":1},"f":{"0":1},"b":{},"meta":{"lastBranch":0,"lastFunction":1,"lastStatement":1,"seen":{"f:2:2:2:16":0,"s:3:4:3:Infinity":0}}}
}
